<?xml version="1.0" encoding="UTF-8"?>
<testsuite xmlns:xsi="http://www.w3.org/2001/XMLSchema-instance" xsi:noNamespaceSchemaLocation="https://maven.apache.org/surefire/maven-surefire-plugin/xsd/surefire-test-report.xsd" name="com.mycompany.app.AppTest" time="0.026" tests="1" errors="0" skipped="0" failures="0">
  <properties>
    <property name="java.specification.version" value="13"/>
    <property name="sun.cpu.isalist" value="amd64"/>
    <property name="sun.jnu.encoding" value="Cp1252"/>
    <property name="java.class.path" value="C:\Users\codyg\OneDrive\Pitt\Coding\CS1660 Programs\Course Project\Maven Project\my-app\target\test-classes;C:\Users\codyg\OneDrive\Pitt\Coding\CS1660 Programs\Course Project\Maven Project\my-app\target\classes;C:\Users\codyg\.m2\repository\com\google\cloud\google-cloud-storage\1.73.0\google-cloud-storage-1.73.0.jar;C:\Users\codyg\.m2\repository\com\google\cloud\google-cloud-core\1.73.0\google-cloud-core-1.73.0.jar;C:\Users\codyg\.m2\repository\com\google\guava\guava\28.0-android\guava-28.0-android.jar;C:\Users\codyg\.m2\repository\com\google\guava\failureaccess\1.0.1\failureaccess-1.0.1.jar;C:\Users\codyg\.m2\repository\com\google\guava\listenablefuture\9999.0-empty-to-avoid-conflict-with-guava\listenablefuture-9999.0-empty-to-avoid-conflict-with-guava.jar;C:\Users\codyg\.m2\repository\org\checkerframework\checker-compat-qual\2.5.5\checker-compat-qual-2.5.5.jar;C:\Users\codyg\.m2\repository\com\google\errorprone\error_prone_annotations\2.3.2\error_prone_annotations-2.3.2.jar;C:\Users\codyg\.m2\repository\com\google\j2objc\j2objc-annotations\1.3\j2objc-annotations-1.3.jar;C:\Users\codyg\.m2\repository\org\codehaus\mojo\animal-sniffer-annotations\1.17\animal-sniffer-annotations-1.17.jar;C:\Users\codyg\.m2\repository\com\google\http-client\google-http-client\1.31.0\google-http-client-1.31.0.jar;C:\Users\codyg\.m2\repository\org\apache\httpcomponents\httpcore\4.4.11\httpcore-4.4.11.jar;C:\Users\codyg\.m2\repository\com\google\code\findbugs\jsr305\3.0.2\jsr305-3.0.2.jar;C:\Users\codyg\.m2\repository\com\google\api\api-common\1.8.1\api-common-1.8.1.jar;C:\Users\codyg\.m2\repository\com\google\api\gax\1.44.0\gax-1.44.0.jar;C:\Users\codyg\.m2\repository\org\threeten\threetenbp\1.3.3\threetenbp-1.3.3.jar;C:\Users\codyg\.m2\repository\com\google\protobuf\protobuf-java-util\3.9.0\protobuf-java-util-3.9.0.jar;C:\Users\codyg\.m2\repository\com\google\protobuf\protobuf-java\3.9.0\protobuf-java-3.9.0.jar;C:\Users\codyg\.m2\repository\com\google\code\gson\gson\2.7\gson-2.7.jar;C:\Users\codyg\.m2\repository\com\google\api\grpc\proto-google-common-protos\1.15.0\proto-google-common-protos-1.15.0.jar;C:\Users\codyg\.m2\repository\com\google\api\grpc\proto-google-iam-v1\0.12.0\proto-google-iam-v1-0.12.0.jar;C:\Users\codyg\.m2\repository\com\google\cloud\google-cloud-core-http\1.73.0\google-cloud-core-http-1.73.0.jar;C:\Users\codyg\.m2\repository\com\google\auth\google-auth-library-credentials\0.15.0\google-auth-library-credentials-0.15.0.jar;C:\Users\codyg\.m2\repository\com\google\auth\google-auth-library-oauth2-http\0.15.0\google-auth-library-oauth2-http-0.15.0.jar;C:\Users\codyg\.m2\repository\com\google\http-client\google-http-client-appengine\1.31.0\google-http-client-appengine-1.31.0.jar;C:\Users\codyg\.m2\repository\com\google\api\gax-httpjson\0.61.0\gax-httpjson-0.61.0.jar;C:\Users\codyg\.m2\repository\io\opencensus\opencensus-api\0.19.2\opencensus-api-0.19.2.jar;C:\Users\codyg\.m2\repository\io\grpc\grpc-context\1.22.1\grpc-context-1.22.1.jar;C:\Users\codyg\.m2\repository\io\opencensus\opencensus-contrib-http-util\0.19.2\opencensus-contrib-http-util-0.19.2.jar;C:\Users\codyg\.m2\repository\com\google\apis\google-api-services-storage\v1-rev20181109-1.27.0\google-api-services-storage-v1-rev20181109-1.27.0.jar;C:\Users\codyg\.m2\repository\com\google\http-client\google-http-client-apache\2.1.2\google-http-client-apache-2.1.2.jar;C:\Users\codyg\.m2\repository\org\apache\httpcomponents\httpclient\4.5.5\httpclient-4.5.5.jar;C:\Users\codyg\.m2\repository\commons-logging\commons-logging\1.2\commons-logging-1.2.jar;C:\Users\codyg\.m2\repository\commons-codec\commons-codec\1.10\commons-codec-1.10.jar;C:\Users\codyg\.m2\repository\javax\annotation\javax.annotation-api\1.3.2\javax.annotation-api-1.3.2.jar;C:\Users\codyg\.m2\repository\com\google\apis\google-api-services-dataproc\v1-rev20200323-1.30.9\google-api-services-dataproc-v1-rev20200323-1.30.9.jar;C:\Users\codyg\.m2\repository\com\google\api-client\google-api-client\1.30.9\google-api-client-1.30.9.jar;C:\Users\codyg\.m2\repository\com\google\oauth-client\google-oauth-client\1.30.5\google-oauth-client-1.30.5.jar;C:\Users\codyg\.m2\repository\com\google\http-client\google-http-client-jackson2\1.31.0\google-http-client-jackson2-1.31.0.jar;C:\Users\codyg\.m2\repository\com\fasterxml\jackson\core\jackson-core\2.9.9\jackson-core-2.9.9.jar;C:\Users\codyg\.m2\repository\junit\junit\4.11\junit-4.11.jar;C:\Users\codyg\.m2\repository\org\hamcrest\hamcrest-core\1.3\hamcrest-core-1.3.jar;"/>
    <property name="java.vm.vendor" value="Oracle Corporation"/>
    <property name="sun.arch.data.model" value="64"/>
    <property name="user.variant" value=""/>
    <property name="java.vendor.url" value="https://java.oracle.com/"/>
    <property name="user.timezone" value="America/New_York"/>
    <property name="os.name" value="Windows 10"/>
    <property name="java.vm.specification.version" value="13"/>
    <property name="sun.java.launcher" value="SUN_STANDARD"/>
    <property name="user.country" value="US"/>
    <property name="sun.boot.library.path" value="C:\Program Files\Java\jdk-13.0.2\bin"/>
    <property name="sun.java.command" value="C:\Users\codyg\AppData\Local\Temp\surefire7893904753762592113\surefirebooter4363641348367465701.jar C:\Users\codyg\AppData\Local\Temp\surefire7893904753762592113 2020-04-11T10-29-15_264-jvmRun1 surefire1350503549378569980tmp surefire_04380190891996943704tmp"/>
    <property name="jdk.debug" value="release"/>
    <property name="surefire.test.class.path" value="C:\Users\codyg\OneDrive\Pitt\Coding\CS1660 Programs\Course Project\Maven Project\my-app\target\test-classes;C:\Users\codyg\OneDrive\Pitt\Coding\CS1660 Programs\Course Project\Maven Project\my-app\target\classes;C:\Users\codyg\.m2\repository\com\google\cloud\google-cloud-storage\1.73.0\google-cloud-storage-1.73.0.jar;C:\Users\codyg\.m2\repository\com\google\cloud\google-cloud-core\1.73.0\google-cloud-core-1.73.0.jar;C:\Users\codyg\.m2\repository\com\google\guava\guava\28.0-android\guava-28.0-android.jar;C:\Users\codyg\.m2\repository\com\google\guava\failureaccess\1.0.1\failureaccess-1.0.1.jar;C:\Users\codyg\.m2\repository\com\google\guava\listenablefuture\9999.0-empty-to-avoid-conflict-with-guava\listenablefuture-9999.0-empty-to-avoid-conflict-with-guava.jar;C:\Users\codyg\.m2\repository\org\checkerframework\checker-compat-qual\2.5.5\checker-compat-qual-2.5.5.jar;C:\Users\codyg\.m2\repository\com\google\errorprone\error_prone_annotations\2.3.2\error_prone_annotations-2.3.2.jar;C:\Users\codyg\.m2\repository\com\google\j2objc\j2objc-annotations\1.3\j2objc-annotations-1.3.jar;C:\Users\codyg\.m2\repository\org\codehaus\mojo\animal-sniffer-annotations\1.17\animal-sniffer-annotations-1.17.jar;C:\Users\codyg\.m2\repository\com\google\http-client\google-http-client\1.31.0\google-http-client-1.31.0.jar;C:\Users\codyg\.m2\repository\org\apache\httpcomponents\httpcore\4.4.11\httpcore-4.4.11.jar;C:\Users\codyg\.m2\repository\com\google\code\findbugs\jsr305\3.0.2\jsr305-3.0.2.jar;C:\Users\codyg\.m2\repository\com\google\api\api-common\1.8.1\api-common-1.8.1.jar;C:\Users\codyg\.m2\repository\com\google\api\gax\1.44.0\gax-1.44.0.jar;C:\Users\codyg\.m2\repository\org\threeten\threetenbp\1.3.3\threetenbp-1.3.3.jar;C:\Users\codyg\.m2\repository\com\google\protobuf\protobuf-java-util\3.9.0\protobuf-java-util-3.9.0.jar;C:\Users\codyg\.m2\repository\com\google\protobuf\protobuf-java\3.9.0\protobuf-java-3.9.0.jar;C:\Users\codyg\.m2\repository\com\google\code\gson\gson\2.7\gson-2.7.jar;C:\Users\codyg\.m2\repository\com\google\api\grpc\proto-google-common-protos\1.15.0\proto-google-common-protos-1.15.0.jar;C:\Users\codyg\.m2\repository\com\google\api\grpc\proto-google-iam-v1\0.12.0\proto-google-iam-v1-0.12.0.jar;C:\Users\codyg\.m2\repository\com\google\cloud\google-cloud-core-http\1.73.0\google-cloud-core-http-1.73.0.jar;C:\Users\codyg\.m2\repository\com\google\auth\google-auth-library-credentials\0.15.0\google-auth-library-credentials-0.15.0.jar;C:\Users\codyg\.m2\repository\com\google\auth\google-auth-library-oauth2-http\0.15.0\google-auth-library-oauth2-http-0.15.0.jar;C:\Users\codyg\.m2\repository\com\google\http-client\google-http-client-appengine\1.31.0\google-http-client-appengine-1.31.0.jar;C:\Users\codyg\.m2\repository\com\google\api\gax-httpjson\0.61.0\gax-httpjson-0.61.0.jar;C:\Users\codyg\.m2\repository\io\opencensus\opencensus-api\0.19.2\opencensus-api-0.19.2.jar;C:\Users\codyg\.m2\repository\io\grpc\grpc-context\1.22.1\grpc-context-1.22.1.jar;C:\Users\codyg\.m2\repository\io\opencensus\opencensus-contrib-http-util\0.19.2\opencensus-contrib-http-util-0.19.2.jar;C:\Users\codyg\.m2\repository\com\google\apis\google-api-services-storage\v1-rev20181109-1.27.0\google-api-services-storage-v1-rev20181109-1.27.0.jar;C:\Users\codyg\.m2\repository\com\google\http-client\google-http-client-apache\2.1.2\google-http-client-apache-2.1.2.jar;C:\Users\codyg\.m2\repository\org\apache\httpcomponents\httpclient\4.5.5\httpclient-4.5.5.jar;C:\Users\codyg\.m2\repository\commons-logging\commons-logging\1.2\commons-logging-1.2.jar;C:\Users\codyg\.m2\repository\commons-codec\commons-codec\1.10\commons-codec-1.10.jar;C:\Users\codyg\.m2\repository\javax\annotation\javax.annotation-api\1.3.2\javax.annotation-api-1.3.2.jar;C:\Users\codyg\.m2\repository\com\google\apis\google-api-services-dataproc\v1-rev20200323-1.30.9\google-api-services-dataproc-v1-rev20200323-1.30.9.jar;C:\Users\codyg\.m2\repository\com\google\api-client\google-api-client\1.30.9\google-api-client-1.30.9.jar;C:\Users\codyg\.m2\repository\com\google\oauth-client\google-oauth-client\1.30.5\google-oauth-client-1.30.5.jar;C:\Users\codyg\.m2\repository\com\google\http-client\google-http-client-jackson2\1.31.0\google-http-client-jackson2-1.31.0.jar;C:\Users\codyg\.m2\repository\com\fasterxml\jackson\core\jackson-core\2.9.9\jackson-core-2.9.9.jar;C:\Users\codyg\.m2\repository\junit\junit\4.11\junit-4.11.jar;C:\Users\codyg\.m2\repository\org\hamcrest\hamcrest-core\1.3\hamcrest-core-1.3.jar;"/>
    <property name="sun.cpu.endian" value="little"/>
    <property name="user.home" value="C:\Users\codyg"/>
    <property name="user.language" value="en"/>
    <property name="java.specification.vendor" value="Oracle Corporation"/>
    <property name="java.version.date" value="2020-01-14"/>
    <property name="java.home" value="C:\Program Files\Java\jdk-13.0.2"/>
    <property name="file.separator" value="\"/>
    <property name="basedir" value="C:\Users\codyg\OneDrive\Pitt\Coding\CS1660 Programs\Course Project\Maven Project\my-app"/>
    <property name="java.vm.compressedOopsMode" value="Zero based"/>
    <property name="line.separator" value="&#10;"/>
    <property name="java.vm.specification.vendor" value="Oracle Corporation"/>
    <property name="java.specification.name" value="Java Platform API Specification"/>
    <property name="surefire.real.class.path" value="C:\Users\codyg\AppData\Local\Temp\surefire7893904753762592113\surefirebooter4363641348367465701.jar"/>
    <property name="user.script" value=""/>
    <property name="sun.management.compiler" value="HotSpot 64-Bit Tiered Compilers"/>
    <property name="java.runtime.version" value="13.0.2+8"/>
    <property name="user.name" value="codyg"/>
    <property name="path.separator" value=";"/>
    <property name="os.version" value="10.0"/>
    <property name="java.runtime.name" value="Java(TM) SE Runtime Environment"/>
    <property name="file.encoding" value="Cp1252"/>
    <property name="java.vm.name" value="Java HotSpot(TM) 64-Bit Server VM"/>
    <property name="localRepository" value="C:\Users\codyg\.m2\repository"/>
    <property name="java.vendor.url.bug" value="https://bugreport.java.com/bugreport/"/>
    <property name="java.io.tmpdir" value="C:\Users\codyg\AppData\Local\Temp\"/>
    <property name="java.version" value="13.0.2"/>
    <property name="user.dir" value="C:\Users\codyg\OneDrive\Pitt\Coding\CS1660 Programs\Course Project\Maven Project\my-app"/>
    <property name="os.arch" value="amd64"/>
    <property name="java.vm.specification.name" value="Java Virtual Machine Specification"/>
    <property name="sun.os.patch.level" value=""/>
    <property name="java.library.path" value="C:\Program Files\Java\jdk-13.0.2\bin;C:\Windows\Sun\Java\bin;C:\Windows\system32;C:\Windows;C:\Windows\system32;C:\Windows;C:\Windows\System32\Wbem;C:\Windows\System32\WindowsPowerShell\v1.0\;C:\Windows\System32\OpenSSH\;C:\Program Files (x86)\NVIDIA Corporation\PhysX\Common;C:\Program Files\NVIDIA Corporation\NVIDIA NvDLISR;C:\Program Files\Java\jdk-13.0.2\bin\java.exe;C:\Program Files\MongoDB\Server\4.2\bin;C:\Program Files\Docker\Docker\resources\bin;C:\ProgramData\DockerDesktop\version-bin;C:\Program Files\Git\cmd;C:\Program Files\Java\apache-maven-3.6.3\bin;C:\Users\codyg\AppData\Local\Programs\Python\Python37\Scripts\;C:\Users\codyg\AppData\Local\Programs\Python\Python37\;C:\Users\codyg\AppData\Local\Microsoft\WindowsApps;C:\Users\codyg\AppData\Local\Programs\Microsoft VS Code\bin;C:\Program Files\MongoDB\Server\4.2\bin\mongo.exe;C:\Program Files\MongoDB\Server\4.2\bin\mongod.exe;C:\Program Files\Java\jdk-13.0.2\bin;C:\Program Files\heroku\bin;C:\Program Files\Java\apache-maven-3.6.3\bin;;."/>
    <property name="java.vm.info" value="mixed mode, sharing"/>
    <property name="java.vendor" value="Oracle Corporation"/>
    <property name="java.vm.version" value="13.0.2+8"/>
    <property name="sun.io.unicode.encoding" value="UnicodeLittle"/>
    <property name="java.class.version" value="57.0"/>
  </properties>
  <testcase name="shouldAnswerWithTrue" classname="com.mycompany.app.AppTest" time="0.001"/>
</testsuite>